<?xml version="1.0" encoding="UTF-8"?>
<testsuite xmlns:xsi="http://www.w3.org/2001/XMLSchema-instance" xsi:noNamespaceSchemaLocation="https://maven.apache.org/surefire/maven-surefire-plugin/xsd/surefire-test-report-3.0.xsd" version="3.0" name="com.mycompany.tic.toc.toe.TicTocToeClickHandlerTest" time="0.181" tests="11" errors="10" skipped="0" failures="1">
  <properties>
    <property name="java.specification.version" value="21"/>
    <property name="sun.cpu.isalist" value="amd64"/>
    <property name="sun.jnu.encoding" value="Cp1252"/>
    <property name="java.class.path" value="D:\Java\Projects\tic-toc-toe\Tic-toc-toe\target\test-classes;D:\Java\Projects\tic-toc-toe\Tic-toc-toe\target\classes;C:\Users\esun\.m2\repository\org\netbeans\external\AbsoluteLayout\RELEASE250\AbsoluteLayout-RELEASE250.jar;C:\Users\esun\.m2\repository\org\junit\jupiter\junit-jupiter-api\5.10.3\junit-jupiter-api-5.10.3.jar;C:\Users\esun\.m2\repository\org\opentest4j\opentest4j\1.3.0\opentest4j-1.3.0.jar;C:\Users\esun\.m2\repository\org\junit\platform\junit-platform-commons\1.10.3\junit-platform-commons-1.10.3.jar;C:\Users\esun\.m2\repository\org\apiguardian\apiguardian-api\1.1.2\apiguardian-api-1.1.2.jar;C:\Users\esun\.m2\repository\org\junit\jupiter\junit-jupiter-params\5.10.3\junit-jupiter-params-5.10.3.jar;C:\Users\esun\.m2\repository\org\junit\jupiter\junit-jupiter-engine\5.10.3\junit-jupiter-engine-5.10.3.jar;C:\Users\esun\.m2\repository\org\junit\platform\junit-platform-engine\1.10.3\junit-platform-engine-1.10.3.jar;"/>
    <property name="java.vm.vendor" value="Oracle Corporation"/>
    <property name="sun.arch.data.model" value="64"/>
    <property name="user.variant" value=""/>
    <property name="java.vendor.url" value="https://java.oracle.com/"/>
    <property name="user.timezone" value="Asia/Manila"/>
    <property name="os.name" value="Windows 11"/>
    <property name="java.vm.specification.version" value="21"/>
    <property name="user.country" value="US"/>
    <property name="sun.java.launcher" value="SUN_STANDARD"/>
    <property name="sun.boot.library.path" value="C:\Program Files\Java\jdk-21\bin"/>
    <property name="sun.java.command" value="C:\Users\esun\AppData\Local\Temp\surefire11807543050165955753\surefirebooter-20250410113302363_3.jar C:\Users\esun\AppData\Local\Temp\surefire11807543050165955753 2025-04-10T11-33-02_198-jvmRun1 surefire-20250410113302363_1tmp surefire_0-20250410113302363_2tmp"/>
    <property name="jdk.debug" value="release"/>
    <property name="test" value="com.mycompany.tic.toc.toe.TicTocToeClickHandlerTest"/>
    <property name="surefire.test.class.path" value="D:\Java\Projects\tic-toc-toe\Tic-toc-toe\target\test-classes;D:\Java\Projects\tic-toc-toe\Tic-toc-toe\target\classes;C:\Users\esun\.m2\repository\org\netbeans\external\AbsoluteLayout\RELEASE250\AbsoluteLayout-RELEASE250.jar;C:\Users\esun\.m2\repository\org\junit\jupiter\junit-jupiter-api\5.10.3\junit-jupiter-api-5.10.3.jar;C:\Users\esun\.m2\repository\org\opentest4j\opentest4j\1.3.0\opentest4j-1.3.0.jar;C:\Users\esun\.m2\repository\org\junit\platform\junit-platform-commons\1.10.3\junit-platform-commons-1.10.3.jar;C:\Users\esun\.m2\repository\org\apiguardian\apiguardian-api\1.1.2\apiguardian-api-1.1.2.jar;C:\Users\esun\.m2\repository\org\junit\jupiter\junit-jupiter-params\5.10.3\junit-jupiter-params-5.10.3.jar;C:\Users\esun\.m2\repository\org\junit\jupiter\junit-jupiter-engine\5.10.3\junit-jupiter-engine-5.10.3.jar;C:\Users\esun\.m2\repository\org\junit\platform\junit-platform-engine\1.10.3\junit-platform-engine-1.10.3.jar;"/>
    <property name="sun.cpu.endian" value="little"/>
    <property name="user.home" value="C:\Users\esun"/>
    <property name="user.language" value="en"/>
    <property name="java.specification.vendor" value="Oracle Corporation"/>
    <property name="java.version.date" value="2024-10-15"/>
    <property name="java.home" value="C:\Program Files\Java\jdk-21"/>
    <property name="file.separator" value="\"/>
    <property name="basedir" value="D:\Java\Projects\tic-toc-toe\Tic-toc-toe"/>
    <property name="java.vm.compressedOopsMode" value="32-bit"/>
    <property name="line.separator" value="&#10;"/>
    <property name="java.vm.specification.vendor" value="Oracle Corporation"/>
    <property name="java.specification.name" value="Java Platform API Specification"/>
    <property name="surefire.real.class.path" value="C:\Users\esun\AppData\Local\Temp\surefire11807543050165955753\surefirebooter-20250410113302363_3.jar"/>
    <property name="user.script" value=""/>
    <property name="sun.management.compiler" value="HotSpot 64-Bit Tiered Compilers"/>
    <property name="java.runtime.version" value="21.0.5+9-LTS-239"/>
    <property name="user.name" value="esun"/>
    <property name="stdout.encoding" value="Cp1252"/>
    <property name="path.separator" value=";"/>
    <property name="os.version" value="10.0"/>
    <property name="java.runtime.name" value="Java(TM) SE Runtime Environment"/>
    <property name="file.encoding" value="UTF-8"/>
    <property name="java.vm.name" value="Java HotSpot(TM) 64-Bit Server VM"/>
    <property name="maven.ext.class.path" value="D:\Java\NetBeans-25\netbeans\java\maven-nblib\netbeans-eventspy.jar"/>
    <property name="localRepository" value="C:\Users\esun\.m2\repository"/>
    <property name="java.vendor.url.bug" value="https://bugreport.java.com/bugreport/"/>
    <property name="java.io.tmpdir" value="C:\Users\esun\AppData\Local\Temp\"/>
    <property name="java.version" value="21.0.5"/>
    <property name="user.dir" value="D:\Java\Projects\tic-toc-toe\Tic-toc-toe"/>
    <property name="os.arch" value="amd64"/>
    <property name="java.vm.specification.name" value="Java Virtual Machine Specification"/>
    <property name="sun.os.patch.level" value=""/>
    <property name="native.encoding" value="Cp1252"/>
    <property name="java.library.path" value="C:\Program Files\Java\jdk-21\bin;C:\WINDOWS\Sun\Java\bin;C:\WINDOWS\system32;C:\WINDOWS;C:\Program Files\Common Files\Oracle\Java\javapath;C:\WINDOWS\system32;C:\WINDOWS;C:\WINDOWS\System32\Wbem;C:\WINDOWS\System32\WindowsPowerShell\v1.0\;C:\WINDOWS\System32\OpenSSH\;C:\xampp\php;D:\Setup\Php\php-8.4.3;C:\Program Files\Git\cmd;C:\MinGW\bin;C:\Program Files\Java\jdk-21\bin;C:\Users\esun\AppData\Local\Microsoft\WindowsApps;D:\Microsoft VS Code\bin;D:\Workspace\Mingw-64\ucrt64\bin;C:\Users\esun\AppData\Local\Pandoc\;."/>
    <property name="java.vm.info" value="mixed mode, sharing"/>
    <property name="stderr.encoding" value="Cp1252"/>
    <property name="java.vendor" value="Oracle Corporation"/>
    <property name="java.vm.version" value="21.0.5+9-LTS-239"/>
    <property name="sun.io.unicode.encoding" value="UnicodeLittle"/>
    <property name="java.class.version" value="65.0"/>
  </properties>
  <testcase name="testWB_vertical1" classname="com.mycompany.tic.toc.toe.TicTocToeClickHandlerTest" time="0.029">
    <error message="Cannot load from object array because &quot;lbl&quot; is null" type="java.lang.NullPointerException"><![CDATA[java.lang.NullPointerException: Cannot load from object array because "lbl" is null
	at com.mycompany.tic.toc.toe.TicTocToeClickHandler.WB_vertical1(TicTocToeClickHandler.java:171)
	at com.mycompany.tic.toc.toe.TicTocToeClickHandlerTest.testWB_vertical1(TicTocToeClickHandlerTest.java:152)
	at java.base/java.lang.reflect.Method.invoke(Method.java:580)
	at java.base/java.util.ArrayList.forEach(ArrayList.java:1596)
	at java.base/java.util.ArrayList.forEach(ArrayList.java:1596)
]]></error>
    <system-out><![CDATA[WB_vertical1
]]></system-out>
  </testcase>
  <testcase name="testWB_vertical2" classname="com.mycompany.tic.toc.toe.TicTocToeClickHandlerTest" time="0.004">
    <error message="Cannot load from object array because &quot;lbl&quot; is null" type="java.lang.NullPointerException"><![CDATA[java.lang.NullPointerException: Cannot load from object array because "lbl" is null
	at com.mycompany.tic.toc.toe.TicTocToeClickHandler.WB_vertical2(TicTocToeClickHandler.java:191)
	at com.mycompany.tic.toc.toe.TicTocToeClickHandlerTest.testWB_vertical2(TicTocToeClickHandlerTest.java:167)
	at java.base/java.lang.reflect.Method.invoke(Method.java:580)
	at java.base/java.util.ArrayList.forEach(ArrayList.java:1596)
	at java.base/java.util.ArrayList.forEach(ArrayList.java:1596)
]]></error>
    <system-out><![CDATA[WB_vertical2
]]></system-out>
  </testcase>
  <testcase name="testWB_vertical3" classname="com.mycompany.tic.toc.toe.TicTocToeClickHandlerTest" time="0.005">
    <error message="Cannot load from object array because &quot;lbl&quot; is null" type="java.lang.NullPointerException"><![CDATA[java.lang.NullPointerException: Cannot load from object array because "lbl" is null
	at com.mycompany.tic.toc.toe.TicTocToeClickHandler.WB_vertical3(TicTocToeClickHandler.java:211)
	at com.mycompany.tic.toc.toe.TicTocToeClickHandlerTest.testWB_vertical3(TicTocToeClickHandlerTest.java:182)
	at java.base/java.lang.reflect.Method.invoke(Method.java:580)
	at java.base/java.util.ArrayList.forEach(ArrayList.java:1596)
	at java.base/java.util.ArrayList.forEach(ArrayList.java:1596)
]]></error>
    <system-out><![CDATA[WB_vertical3
]]></system-out>
  </testcase>
  <testcase name="testWB_horizontal1" classname="com.mycompany.tic.toc.toe.TicTocToeClickHandlerTest" time="0.004">
    <error message="Cannot load from object array because &quot;lbl&quot; is null" type="java.lang.NullPointerException"><![CDATA[java.lang.NullPointerException: Cannot load from object array because "lbl" is null
	at com.mycompany.tic.toc.toe.TicTocToeClickHandler.WB_horizontal1(TicTocToeClickHandler.java:111)
	at com.mycompany.tic.toc.toe.TicTocToeClickHandlerTest.testWB_horizontal1(TicTocToeClickHandlerTest.java:107)
	at java.base/java.lang.reflect.Method.invoke(Method.java:580)
	at java.base/java.util.ArrayList.forEach(ArrayList.java:1596)
	at java.base/java.util.ArrayList.forEach(ArrayList.java:1596)
]]></error>
    <system-out><![CDATA[WB_horizontal1
]]></system-out>
  </testcase>
  <testcase name="testWB_horizontal2" classname="com.mycompany.tic.toc.toe.TicTocToeClickHandlerTest" time="0.004">
    <error message="Cannot load from object array because &quot;lbl&quot; is null" type="java.lang.NullPointerException"><![CDATA[java.lang.NullPointerException: Cannot load from object array because "lbl" is null
	at com.mycompany.tic.toc.toe.TicTocToeClickHandler.WB_horizontal2(TicTocToeClickHandler.java:131)
	at com.mycompany.tic.toc.toe.TicTocToeClickHandlerTest.testWB_horizontal2(TicTocToeClickHandlerTest.java:122)
	at java.base/java.lang.reflect.Method.invoke(Method.java:580)
	at java.base/java.util.ArrayList.forEach(ArrayList.java:1596)
	at java.base/java.util.ArrayList.forEach(ArrayList.java:1596)
]]></error>
    <system-out><![CDATA[WB_horizontal2
]]></system-out>
  </testcase>
  <testcase name="testWB_horizontal3" classname="com.mycompany.tic.toc.toe.TicTocToeClickHandlerTest" time="0.004">
    <error message="Cannot load from object array because &quot;lbl&quot; is null" type="java.lang.NullPointerException"><![CDATA[java.lang.NullPointerException: Cannot load from object array because "lbl" is null
	at com.mycompany.tic.toc.toe.TicTocToeClickHandler.WB_horizontal3(TicTocToeClickHandler.java:151)
	at com.mycompany.tic.toc.toe.TicTocToeClickHandlerTest.testWB_horizontal3(TicTocToeClickHandlerTest.java:137)
	at java.base/java.lang.reflect.Method.invoke(Method.java:580)
	at java.base/java.util.ArrayList.forEach(ArrayList.java:1596)
	at java.base/java.util.ArrayList.forEach(ArrayList.java:1596)
]]></error>
    <system-out><![CDATA[WB_horizontal3
]]></system-out>
  </testcase>
  <testcase name="testWB_diagonalLeft" classname="com.mycompany.tic.toc.toe.TicTocToeClickHandlerTest" time="0.002">
    <error message="Cannot load from object array because &quot;lbl&quot; is null" type="java.lang.NullPointerException"><![CDATA[java.lang.NullPointerException: Cannot load from object array because "lbl" is null
	at com.mycompany.tic.toc.toe.TicTocToeClickHandler.WB_diagonalLeft(TicTocToeClickHandler.java:231)
	at com.mycompany.tic.toc.toe.TicTocToeClickHandlerTest.testWB_diagonalLeft(TicTocToeClickHandlerTest.java:197)
	at java.base/java.lang.reflect.Method.invoke(Method.java:580)
	at java.base/java.util.ArrayList.forEach(ArrayList.java:1596)
	at java.base/java.util.ArrayList.forEach(ArrayList.java:1596)
]]></error>
    <system-out><![CDATA[WB_diagonalLeft
]]></system-out>
  </testcase>
  <testcase name="testWB_diagonalRight" classname="com.mycompany.tic.toc.toe.TicTocToeClickHandlerTest" time="0.003">
    <error message="Cannot load from object array because &quot;lbl&quot; is null" type="java.lang.NullPointerException"><![CDATA[java.lang.NullPointerException: Cannot load from object array because "lbl" is null
	at com.mycompany.tic.toc.toe.TicTocToeClickHandler.WB_diagonalRight(TicTocToeClickHandler.java:251)
	at com.mycompany.tic.toc.toe.TicTocToeClickHandlerTest.testWB_diagonalRight(TicTocToeClickHandlerTest.java:212)
	at java.base/java.lang.reflect.Method.invoke(Method.java:580)
	at java.base/java.util.ArrayList.forEach(ArrayList.java:1596)
	at java.base/java.util.ArrayList.forEach(ArrayList.java:1596)
]]></error>
    <system-out><![CDATA[WB_diagonalRight
]]></system-out>
  </testcase>
  <testcase name="testWB_Bot" classname="com.mycompany.tic.toc.toe.TicTocToeClickHandlerTest" time="0.045">
    <error message="Cannot load from object array because &quot;com.mycompany.tic.toc.toe.TicTocToe.lbl&quot; is null" type="java.lang.NullPointerException"><![CDATA[java.lang.NullPointerException: Cannot load from object array because "com.mycompany.tic.toc.toe.TicTocToe.lbl" is null
	at com.mycompany.tic.toc.toe.TicTocToeClickHandler.WB_Bot(TicTocToeClickHandler.java:101)
	at com.mycompany.tic.toc.toe.TicTocToeClickHandlerTest.testWB_Bot(TicTocToeClickHandlerTest.java:92)
	at java.base/java.lang.reflect.Method.invoke(Method.java:580)
	at java.base/java.util.ArrayList.forEach(ArrayList.java:1596)
	at java.base/java.util.ArrayList.forEach(ArrayList.java:1596)
]]></error>
    <system-out><![CDATA[WB_Bot
dupSet - [0, 1, 2, 3, 4, 5, 6, 7, 8]
]]></system-out>
  </testcase>
  <testcase name="testGenerateRandomValue" classname="com.mycompany.tic.toc.toe.TicTocToeClickHandlerTest" time="0.007">
    <failure message="expected: &lt;2&gt; but was: &lt;3&gt;" type="org.opentest4j.AssertionFailedError"><![CDATA[org.opentest4j.AssertionFailedError: expected: <2> but was: <3>
	at org.junit.jupiter.api.AssertionFailureBuilder.build(AssertionFailureBuilder.java:151)
	at org.junit.jupiter.api.AssertionFailureBuilder.buildAndThrow(AssertionFailureBuilder.java:132)
	at org.junit.jupiter.api.AssertEquals.failNotEqual(AssertEquals.java:197)
	at org.junit.jupiter.api.AssertEquals.assertEquals(AssertEquals.java:150)
	at org.junit.jupiter.api.AssertEquals.assertEquals(AssertEquals.java:145)
	at org.junit.jupiter.api.Assertions.assertEquals(Assertions.java:531)
	at com.mycompany.tic.toc.toe.TicTocToeClickHandlerTest.testGenerateRandomValue(TicTocToeClickHandlerTest.java:65)
	at java.base/java.lang.reflect.Method.invoke(Method.java:580)
	at java.base/java.util.ArrayList.forEach(ArrayList.java:1596)
	at java.base/java.util.ArrayList.forEach(ArrayList.java:1596)
]]></failure>
    <system-out><![CDATA[generateRandomValue
dupSet - [0, 1, 2, 3, 4, 5, 6, 7, 8]
]]></system-out>
  </testcase>
  <testcase name="testIsGameOnlyStarted" classname="com.mycompany.tic.toc.toe.TicTocToeClickHandlerTest" time="0.004">
    <error message="Cannot read the array length because &quot;&lt;local1&gt;&quot; is null" type="java.lang.NullPointerException"><![CDATA[java.lang.NullPointerException: Cannot read the array length because "<local1>" is null
	at com.mycompany.tic.toc.toe.TicTocToeClickHandler.isGameOnlyStarted(TicTocToeClickHandler.java:80)
	at com.mycompany.tic.toc.toe.TicTocToeClickHandlerTest.testIsGameOnlyStarted(TicTocToeClickHandlerTest.java:78)
	at java.base/java.lang.reflect.Method.invoke(Method.java:580)
	at java.base/java.util.ArrayList.forEach(ArrayList.java:1596)
	at java.base/java.util.ArrayList.forEach(ArrayList.java:1596)
]]></error>
    <system-out><![CDATA[isGameOnlyStarted
]]></system-out>
  </testcase>
</testsuite>